<?xml version="1.0" encoding="UTF-8"?>
<!-- Generated by org.testng.reporters.JUnitReportReporter -->
<testsuite hostname="DESKTOP-J8PG36L" failures="0" tests="1" name="TestRunner.CucumberTestRunner" time="5.195" errors="0" timestamp="2024-07-30T23:06:14 IST" skipped="0">
  <testcase classname="TestRunner.CucumberTestRunner" name="runScenario" time="5.195"/>
</testsuite> <!-- TestRunner.CucumberTestRunner -->
